<?xml version="1.0" encoding="UTF-8"?>
<!-- Generated by org.testng.reporters.JUnitReportReporter -->
<testsuite hostname="DESKTOP-SGESUL2" name="second.NewTest" tests="2" failures="0" timestamp="22 Sep 2017 17:23:38 GMT" time="0.000" errors="0">
  <testcase name="f" time="0.000" classname="second.NewTest"/>
  <testcase name="f2" time="0.000" classname="second.NewTest"/>
</testsuite> <!-- second.NewTest -->
