<?xml version="1.0" encoding="UTF-8"?>
<!-- Generated by org.testng.reporters.JUnitReportReporter -->
<testsuite hostname="DESKTOP-SGESUL2" name="FirstLesson.AppTest" tests="1" failures="0" timestamp="22 Sep 2017 17:23:38 GMT" time="0.000" errors="0">
  <testcase name="testApp" time="0.000" classname="FirstLesson.AppTest"/>
</testsuite> <!-- FirstLesson.AppTest -->
